<?xml version="1.0" encoding="UTF-8"?>
<!-- Generated by org.testng.reporters.JUnitReportReporter -->
<testsuite skipped="0" hostname="INBL01LAP30357" name="pakage1.Test1" tests="1" failures="0" timestamp="2022-04-08T12:04:34 IST" time="27.418" errors="0">
  <testcase name="welcome" time="27.418" classname="pakage1.Test1"/>
  <system-out/>
</testsuite> <!-- pakage1.Test1 -->
